<?xml version="1.0" encoding="UTF-8"?>
<testsuite xmlns:xsi="http://www.w3.org/2001/XMLSchema-instance" xsi:noNamespaceSchemaLocation="https://maven.apache.org/surefire/maven-surefire-plugin/xsd/surefire-test-report.xsd" name="org.thinking.common.AppTest" time="0.014" tests="1" errors="0" skipped="0" failures="0">
  <properties>
    <property name="sun.desktop" value="windows"/>
    <property name="awt.toolkit" value="sun.awt.windows.WToolkit"/>
    <property name="file.encoding.pkg" value="sun.io"/>
    <property name="java.specification.version" value="1.8"/>
    <property name="sun.cpu.isalist" value="amd64"/>
    <property name="sun.jnu.encoding" value="GBK"/>
    <property name="java.class.path" value="D:\workspace_sts2\loser-think\thinking-common\target\test-classes;D:\workspace_sts2\loser-think\thinking-common\target\classes;C:\Users\KINGYE\.m2\repository\junit\junit\4.12\junit-4.12.jar;C:\Users\KINGYE\.m2\repository\org\hamcrest\hamcrest-core\1.3\hamcrest-core-1.3.jar;"/>
    <property name="java.vm.vendor" value="Oracle Corporation"/>
    <property name="sun.arch.data.model" value="64"/>
    <property name="user.variant" value=""/>
    <property name="java.vendor.url" value="http://java.oracle.com/"/>
    <property name="user.timezone" value="Asia/Singapore"/>
    <property name="java.vm.specification.version" value="1.8"/>
    <property name="os.name" value="Windows 10"/>
    <property name="user.country" value="CN"/>
    <property name="sun.java.launcher" value="SUN_STANDARD"/>
    <property name="sun.boot.library.path" value="D:\softs\Java\jdk1.8.0_211\jre\bin"/>
    <property name="sun.java.command" value="C:\Users\KINGYE\AppData\Local\Temp\surefire3797583514759380455\surefirebooter6844170427383468197.jar C:\Users\KINGYE\AppData\Local\Temp\surefire3797583514759380455 2019-12-28T11-22-24_998-jvmRun1 surefire7165092931714280069tmp surefire_04485207439927287407tmp"/>
    <property name="surefire.test.class.path" value="D:\workspace_sts2\loser-think\thinking-common\target\test-classes;D:\workspace_sts2\loser-think\thinking-common\target\classes;C:\Users\KINGYE\.m2\repository\junit\junit\4.12\junit-4.12.jar;C:\Users\KINGYE\.m2\repository\org\hamcrest\hamcrest-core\1.3\hamcrest-core-1.3.jar;"/>
    <property name="sun.cpu.endian" value="little"/>
    <property name="user.home" value="C:\Users\KINGYE"/>
    <property name="user.language" value="zh"/>
    <property name="java.specification.vendor" value="Oracle Corporation"/>
    <property name="java.home" value="D:\softs\Java\jdk1.8.0_211\jre"/>
    <property name="basedir" value="D:\workspace_sts2\loser-think\thinking-common"/>
    <property name="style.color" value="always"/>
    <property name="file.separator" value="\"/>
    <property name="line.separator" value="&#10;"/>
    <property name="java.vm.specification.vendor" value="Oracle Corporation"/>
    <property name="java.specification.name" value="Java Platform API Specification"/>
    <property name="java.awt.graphicsenv" value="sun.awt.Win32GraphicsEnvironment"/>
    <property name="surefire.real.class.path" value="C:\Users\KINGYE\AppData\Local\Temp\surefire3797583514759380455\surefirebooter6844170427383468197.jar"/>
    <property name="sun.boot.class.path" value="D:\softs\Java\jdk1.8.0_211\jre\lib\resources.jar;D:\softs\Java\jdk1.8.0_211\jre\lib\rt.jar;D:\softs\Java\jdk1.8.0_211\jre\lib\sunrsasign.jar;D:\softs\Java\jdk1.8.0_211\jre\lib\jsse.jar;D:\softs\Java\jdk1.8.0_211\jre\lib\jce.jar;D:\softs\Java\jdk1.8.0_211\jre\lib\charsets.jar;D:\softs\Java\jdk1.8.0_211\jre\lib\jfr.jar;D:\softs\Java\jdk1.8.0_211\jre\classes"/>
    <property name="user.script" value=""/>
    <property name="sun.management.compiler" value="HotSpot 64-Bit Tiered Compilers"/>
    <property name="java.runtime.version" value="1.8.0_211-b12"/>
    <property name="user.name" value="KINGYE"/>
    <property name="path.separator" value=";"/>
    <property name="os.version" value="10.0"/>
    <property name="java.endorsed.dirs" value="D:\softs\Java\jdk1.8.0_211\jre\lib\endorsed"/>
    <property name="java.runtime.name" value="Java(TM) SE Runtime Environment"/>
    <property name="file.encoding" value="GBK"/>
    <property name="java.vm.name" value="Java HotSpot(TM) 64-Bit Server VM"/>
    <property name="localRepository" value="C:\Users\KINGYE\.m2\repository"/>
    <property name="java.vendor.url.bug" value="http://bugreport.sun.com/bugreport/"/>
    <property name="java.io.tmpdir" value="C:\Users\KINGYE\AppData\Local\Temp\"/>
    <property name="java.version" value="1.8.0_211"/>
    <property name="user.dir" value="D:\workspace_sts2\loser-think\thinking-common"/>
    <property name="os.arch" value="amd64"/>
    <property name="java.vm.specification.name" value="Java Virtual Machine Specification"/>
    <property name="java.awt.printerjob" value="sun.awt.windows.WPrinterJob"/>
    <property name="sun.os.patch.level" value=""/>
    <property name="java.library.path" value="D:\softs\Java\jdk1.8.0_211\jre\bin;C:\WINDOWS\Sun\Java\bin;C:\WINDOWS\system32;C:\WINDOWS;D:/softs/Java/jdk1.8.0_211_jre/bin/server;D:/softs/Java/jdk1.8.0_211_jre/bin;D:/softs/Java/jdk1.8.0_211_jre/lib/amd64;C:\Program Files (x86)\NetSarang\Xshell 6\;C:\Program Files (x86)\Common Files\Oracle\Java\javapath;C:\Program Files (x86)\Razer Chroma SDK\bin;C:\Program Files\Razer Chroma SDK\bin;C:\Program Files (x86)\Intel\Intel(R) Management Engine Components\iCLS\;C:\Program Files\Intel\Intel(R) Management Engine Components\iCLS\;C:\Windows\system32;C:\Windows;C:\Windows\System32\Wbem;C:\Windows\System32\WindowsPowerShell\v1.0\;C:\Windows\System32\OpenSSH\;C:\Program Files (x86)\Intel\Intel(R) Management Engine Components\DAL;C:\Program Files\Intel\Intel(R) Management Engine Components\DAL;C:\Program Files\Intel\WiFi\bin\;C:\Program Files\Common Files\Intel\WirelessCommon\;C:\Program Files (x86)\NVIDIA Corporation\PhysX\Common;C:\Users\Administrator\AppData\Local\Microsoft\WindowsApps;D:\softs\apache\apache-maven-3.6.1\bin;D:\softs\mysql-5.6.43-winx64\mysql-5.6.43-winx64\bin;D:\softs\apache\apache-jmeter-5.1.1\bin;D:\softs\TortoiseGit\bin;D:\softs\Git\cmd;D:\softs\nodejs\;&quot;D:\softs\gradle-5.4.1\bin\bin;&quot;;D:\softs\Vagrant\bin;D:\softs\apache\apache-ant-1.9.14\bin;C:\WINDOWS\system32;C:\WINDOWS;C:\WINDOWS\System32\Wbem;C:\WINDOWS\System32\WindowsPowerShell\v1.0\;C:\WINDOWS\System32\OpenSSH\;D:\softs\Java\jdk1.8.0_211\bin;D:\softs\Java\jdk1.8.0_211\lib\dt.jar;D:\softs\Java\jdk1.8.0_211\lib\tools.jar;C:\Users\KINGYE\AppData\Local\Microsoft\WindowsApps;;C:\Users\KINGYE\AppData\Roaming\npm;C:\Users\KINGYE\AppData\Local\Programs\Fiddler;%USERPROFILE%\AppData\Local\Microsoft\WindowsApps;D:\softs\fiddler;C:\fastsofts\sts-4.3.2.RELEASE;;."/>
    <property name="java.vm.info" value="mixed mode"/>
    <property name="java.vendor" value="Oracle Corporation"/>
    <property name="java.vm.version" value="25.211-b12"/>
    <property name="java.ext.dirs" value="D:\softs\Java\jdk1.8.0_211\jre\lib\ext;C:\WINDOWS\Sun\Java\lib\ext"/>
    <property name="sun.io.unicode.encoding" value="UnicodeLittle"/>
    <property name="java.class.version" value="52.0"/>
  </properties>
  <testcase name="testApp" classname="org.thinking.common.AppTest" time="0.001"/>
</testsuite>